# JRE version: OpenJDK Runtime Environment (8.0_202-b03) (build 1.8.0_202-release-1483-b03)
# Java VM: OpenJDK 64-Bit Server VM (25.202-b03 mixed mode windows-amd64 compressed oops)
Heap:
 PSYoungGen      total 409088K, used 276613K [0x00000000e0000000, 0x0000000100000000, 0x0000000100000000)
  eden space 385536K, 65% used [0x00000000e0000000,0x00000000ef724048,0x00000000f7880000)
  from space 23552K, 99% used [0x00000000f7880000,0x00000000f8f7d460,0x00000000f8f80000)
  to   space 29696K, 0% used [0x00000000fe300000,0x00000000fe300000,0x0000000100000000)
 ParOldGen       total 126464K, used 45589K [0x00000000a0000000, 0x00000000a7b80000, 0x00000000e0000000)
  object space 126464K, 36% used [0x00000000a0000000,0x00000000a2c857f8,0x00000000a7b80000)
 Metaspace       used 76607K, capacity 80548K, committed 80856K, reserved 1120256K
  class space    used 9868K, capacity 10654K, committed 10752K, reserved 1048576K
GC Heap History (10 events):
Event: 272.665 GC heap before
{Heap before GC invocations=14 (full 3):
 PSYoungGen      total 227328K, used 210432K [0x00000000e0000000, 0x00000000ef380000, 0x0000000100000000)
  eden space 210432K, 100% used [0x00000000e0000000,0x00000000ecd80000,0x00000000ecd80000)
  from space 16896K, 0% used [0x00000000ee300000,0x00000000ee300000,0x00000000ef380000)
  to   space 19456K, 0% used [0x00000000ecd80000,0x00000000ecd80000,0x00000000ee080000)
 ParOldGen       total 126464K, used 35788K [0x00000000a0000000, 0x00000000a7b80000, 0x00000000e0000000)
  object space 126464K, 28% used [0x00000000a0000000,0x00000000a22f3380,0x00000000a7b80000)
 Metaspace       used 60578K, capacity 62984K, committed 63320K, reserved 1103872K
  class space    used 7966K, capacity 8479K, committed 8576K, reserved 1048576K
Event: 272.682 GC heap after
Heap after GC invocations=14 (full 3):
 PSYoungGen      total 229888K, used 8584K [0x00000000e0000000, 0x00000000f2980000, 0x0000000100000000)
  eden space 210432K, 0% used [0x00000000e0000000,0x00000000e0000000,0x00000000ecd80000)
  from space 19456K, 44% used [0x00000000ecd80000,0x00000000ed5e2098,0x00000000ee080000)
  to   space 18944K, 0% used [0x00000000f1700000,0x00000000f1700000,0x00000000f2980000)
 ParOldGen       total 126464K, used 35796K [0x00000000a0000000, 0x00000000a7b80000, 0x00000000e0000000)
  object space 126464K, 28% used [0x00000000a0000000,0x00000000a22f5380,0x00000000a7b80000)
 Metaspace       used 60578K, capacity 62984K, committed 63320K, reserved 1103872K
  class space    used 7966K, capacity 8479K, committed 8576K, reserved 1048576K
}
Event: 276.187 GC heap before
{Heap before GC invocations=15 (full 3):
 PSYoungGen      total 229888K, used 218431K [0x00000000e0000000, 0x00000000f2980000, 0x0000000100000000)
  eden space 210432K, 99% used [0x00000000e0000000,0x00000000eccedb80,0x00000000ecd80000)
  from space 19456K, 44% used [0x00000000ecd80000,0x00000000ed5e2098,0x00000000ee080000)
  to   space 18944K, 0% used [0x00000000f1700000,0x00000000f1700000,0x00000000f2980000)
 ParOldGen       total 126464K, used 35796K [0x00000000a0000000, 0x00000000a7b80000, 0x00000000e0000000)
  object space 126464K, 28% used [0x00000000a0000000,0x00000000a22f5380,0x00000000a7b80000)
 Metaspace       used 62294K, capacity 65070K, committed 65368K, reserved 1105920K
  class space    used 8175K, capacity 8740K, committed 8832K, reserved 1048576K
Event: 276.204 GC heap after
Heap after GC invocations=15 (full 3):
 PSYoungGen      total 281088K, used 18633K [0x00000000e0000000, 0x00000000f2a00000, 0x0000000100000000)
  eden space 262144K, 0% used [0x00000000e0000000,0x00000000e0000000,0x00000000f0000000)
  from space 18944K, 98% used [0x00000000f1700000,0x00000000f2932448,0x00000000f2980000)
  to   space 21504K, 0% used [0x00000000f0000000,0x00000000f0000000,0x00000000f1500000)
 ParOldGen       total 126464K, used 35804K [0x00000000a0000000, 0x00000000a7b80000, 0x00000000e0000000)
  object space 126464K, 28% used [0x00000000a0000000,0x00000000a22f7380,0x00000000a7b80000)
 Metaspace       used 62294K, capacity 65070K, committed 65368K, reserved 1105920K
  class space    used 8175K, capacity 8740K, committed 8832K, reserved 1048576K
}
Event: 276.256 GC heap before
{Heap before GC invocations=16 (full 3):
 PSYoungGen      total 281088K, used 280490K [0x00000000e0000000, 0x00000000f2a00000, 0x0000000100000000)
  eden space 262144K, 99% used [0x00000000e0000000,0x00000000effb86e8,0x00000000f0000000)
  from space 18944K, 98% used [0x00000000f1700000,0x00000000f2932448,0x00000000f2980000)
  to   space 21504K, 0% used [0x00000000f0000000,0x00000000f0000000,0x00000000f1500000)
 ParOldGen       total 126464K, used 35804K [0x00000000a0000000, 0x00000000a7b80000, 0x00000000e0000000)
  object space 126464K, 28% used [0x00000000a0000000,0x00000000a22f7380,0x00000000a7b80000)
 Metaspace       used 62301K, capacity 65070K, committed 65368K, reserved 1105920K
  class space    used 8175K, capacity 8740K, committed 8832K, reserved 1048576K
Event: 276.270 GC heap after
Heap after GC invocations=16 (full 3):
 PSYoungGen      total 283648K, used 11036K [0x00000000e0000000, 0x00000000fa680000, 0x0000000100000000)
  eden space 262144K, 0% used [0x00000000e0000000,0x00000000e0000000,0x00000000f0000000)
  from space 21504K, 51% used [0x00000000f0000000,0x00000000f0ac72a8,0x00000000f1500000)
  to   space 20480K, 0% used [0x00000000f9280000,0x00000000f9280000,0x00000000fa680000)
 ParOldGen       total 126464K, used 35812K [0x00000000a0000000, 0x00000000a7b80000, 0x00000000e0000000)
  object space 126464K, 28% used [0x00000000a0000000,0x00000000a22f9380,0x00000000a7b80000)
 Metaspace       used 62301K, capacity 65070K, committed 65368K, reserved 1105920K
  class space    used 8175K, capacity 8740K, committed 8832K, reserved 1048576K
}
Event: 419.591 GC heap before
{Heap before GC invocations=17 (full 3):
 PSYoungGen      total 283648K, used 273180K [0x00000000e0000000, 0x00000000fa680000, 0x0000000100000000)
  eden space 262144K, 100% used [0x00000000e0000000,0x00000000f0000000,0x00000000f0000000)
  from space 21504K, 51% used [0x00000000f0000000,0x00000000f0ac72a8,0x00000000f1500000)
  to   space 20480K, 0% used [0x00000000f9280000,0x00000000f9280000,0x00000000fa680000)
 ParOldGen       total 126464K, used 35812K [0x00000000a0000000, 0x00000000a7b80000, 0x00000000e0000000)
  object space 126464K, 28% used [0x00000000a0000000,0x00000000a22f9380,0x00000000a7b80000)
 Metaspace       used 65244K, capacity 68294K, committed 68440K, reserved 1107968K
  class space    used 8585K, capacity 9230K, committed 9344K, reserved 1048576K
Event: 419.636 GC heap after
Heap after GC invocations=17 (full 3):
 PSYoungGen      total 404992K, used 20468K [0x00000000e0000000, 0x00000000fa680000, 0x0000000100000000)
  eden space 384512K, 0% used [0x00000000e0000000,0x00000000e0000000,0x00000000f7780000)
  from space 20480K, 99% used [0x00000000f9280000,0x00000000fa67d0e0,0x00000000fa680000)
  to   space 23552K, 0% used [0x00000000f7880000,0x00000000f7880000,0x00000000f8f80000)
 ParOldGen       total 126464K, used 37723K [0x00000000a0000000, 0x00000000a7b80000, 0x00000000e0000000)
  object space 126464K, 29% used [0x00000000a0000000,0x00000000a24d6ce8,0x00000000a7b80000)
 Metaspace       used 65244K, capacity 68294K, committed 68440K, reserved 1107968K
  class space    used 8585K, capacity 9230K, committed 9344K, reserved 1048576K
}
Event: 438.621 GC heap before
{Heap before GC invocations=18 (full 3):
 PSYoungGen      total 404992K, used 404980K [0x00000000e0000000, 0x00000000fa680000, 0x0000000100000000)
  eden space 384512K, 100% used [0x00000000e0000000,0x00000000f7780000,0x00000000f7780000)
  from space 20480K, 99% used [0x00000000f9280000,0x00000000fa67d0e0,0x00000000fa680000)
  to   space 23552K, 0% used [0x00000000f7880000,0x00000000f7880000,0x00000000f8f80000)
 ParOldGen       total 126464K, used 37723K [0x00000000a0000000, 0x00000000a7b80000, 0x00000000e0000000)
  object space 126464K, 29% used [0x00000000a0000000,0x00000000a24d6ce8,0x00000000a7b80000)
 Metaspace       used 70091K, capacity 73824K, committed 73944K, reserved 1114112K
  class space    used 9142K, capacity 9868K, committed 9984K, reserved 1048576K
Event: 438.681 GC heap after
Heap after GC invocations=18 (full 3):
 PSYoungGen      total 409088K, used 23541K [0x00000000e0000000, 0x0000000100000000, 0x0000000100000000)
  eden space 385536K, 0% used [0x00000000e0000000,0x00000000e0000000,0x00000000f7880000)
  from space 23552K, 99% used [0x00000000f7880000,0x00000000f8f7d460,0x00000000f8f80000)
  to   space 29696K, 0% used [0x00000000fe300000,0x00000000fe300000,0x0000000100000000)
 ParOldGen       total 126464K, used 45589K [0x00000000a0000000, 0x00000000a7b80000, 0x00000000e0000000)
  object space 126464K, 36% used [0x00000000a0000000,0x00000000a2c857f8,0x00000000a7b80000)
 Metaspace       used 70091K, capacity 73824K, committed 73944K, reserved 1114112K
  class space    used 9142K, capacity 9868K, committed 9984K, reserved 1048576K
}

